[12-May-2025 20:12:05 UTC] PHP Warning:  Undefined array key "width" in /Users/mac/Documents/dev/app/steel-backend/includes/functions.php on line 39
[12-May-2025 20:12:05 UTC] PHP Fatal error:  Uncaught DivisionByZeroError: Division by zero in /Users/mac/Documents/dev/app/steel-backend/includes/functions.php:42
Stack trace:
#0 /Users/mac/Documents/dev/app/steel-backend/api/calculate_quote.php(27): calculate_price(Object(PDO), Array)
#1 {main}
  thrown in /Users/mac/Documents/dev/app/steel-backend/includes/functions.php on line 42
[12-May-2025 20:13:17 UTC] PHP Warning:  Undefined array key "width_mm" in /Users/mac/Documents/dev/app/steel-backend/includes/functions.php on line 39
[12-May-2025 20:13:17 UTC] PHP Fatal error:  Uncaught DivisionByZeroError: Division by zero in /Users/mac/Documents/dev/app/steel-backend/includes/functions.php:42
Stack trace:
#0 /Users/mac/Documents/dev/app/steel-backend/api/calculate_quote.php(27): calculate_price(Object(PDO), Array)
#1 {main}
  thrown in /Users/mac/Documents/dev/app/steel-backend/includes/functions.php on line 42
[12-May-2025 20:20:19 UTC] PHP Warning:  Undefined array key "width_mm" in /Users/mac/Documents/dev/app/steel-backend/includes/functions.php on line 44
[12-May-2025 20:20:19 UTC] PHP Fatal error:  Uncaught DivisionByZeroError: Division by zero in /Users/mac/Documents/dev/app/steel-backend/includes/functions.php:47
Stack trace:
#0 /Users/mac/Documents/dev/app/steel-backend/api/calculate_quote.php(27): calculate_price(Object(PDO), Array)
#1 {main}
  thrown in /Users/mac/Documents/dev/app/steel-backend/includes/functions.php on line 47
[12-May-2025 20:23:16 UTC] PHP Warning:  Undefined array key "width_mm" in /Users/mac/Documents/dev/app/steel-backend/includes/functions.php on line 47
[12-May-2025 20:23:16 UTC] PHP Fatal error:  Uncaught DivisionByZeroError: Division by zero in /Users/mac/Documents/dev/app/steel-backend/includes/functions.php:50
Stack trace:
#0 /Users/mac/Documents/dev/app/steel-backend/api/calculate_quote.php(27): calculate_price(Object(PDO), Array)
#1 {main}
  thrown in /Users/mac/Documents/dev/app/steel-backend/includes/functions.php on line 50
